d:\ооп\лабораторні 5\laboratory_5.1_c\debug\vc142.pdb
d:\ооп\лабораторні 5\laboratory_5.1_c\debug\vc142.idb
d:\ооп\лабораторні 5\laboratory_5.1_c\debug\source.obj
d:\ооп\лабораторні 5\laboratory_5.1_c\debug\rational_public.obj
d:\ооп\лабораторні 5\laboratory_5.1_c\debug\rational_private.obj
d:\ооп\лабораторні 5\laboratory_5.1_c\debug\rational.obj
d:\ооп\лабораторні 5\laboratory_5.1_c\debug\exception.obj
d:\ооп\лабораторні 5\laboratory_5.1_c\debug\laboratory_5.1_c.tlog\cl.command.1.tlog
d:\ооп\лабораторні 5\laboratory_5.1_c\debug\laboratory_5.1_c.tlog\cl.read.1.tlog
d:\ооп\лабораторні 5\laboratory_5.1_c\debug\laboratory_5.1_c.tlog\cl.write.1.tlog
d:\ооп\лабораторні 5\laboratory_5.1_c\debug\laboratory_5.1_c.tlog\link-cvtres.read.1.tlog
d:\ооп\лабораторні 5\laboratory_5.1_c\debug\laboratory_5.1_c.tlog\link-cvtres.write.1.tlog
d:\ооп\лабораторні 5\laboratory_5.1_c\debug\laboratory_5.1_c.tlog\link-rc.read.1.tlog
d:\ооп\лабораторні 5\laboratory_5.1_c\debug\laboratory_5.1_c.tlog\link-rc.write.1.tlog
d:\ооп\лабораторні 5\laboratory_5.1_c\debug\laboratory_5.1_c.tlog\link.16780-cvtres.read.1.tlog
d:\ооп\лабораторні 5\laboratory_5.1_c\debug\laboratory_5.1_c.tlog\link.16780-cvtres.write.1.tlog
d:\ооп\лабораторні 5\laboratory_5.1_c\debug\laboratory_5.1_c.tlog\link.16780-rc.read.1.tlog
d:\ооп\лабораторні 5\laboratory_5.1_c\debug\laboratory_5.1_c.tlog\link.16780-rc.write.1.tlog
d:\ооп\лабораторні 5\laboratory_5.1_c\debug\laboratory_5.1_c.tlog\link.16780.read.1.tlog
d:\ооп\лабораторні 5\laboratory_5.1_c\debug\laboratory_5.1_c.tlog\link.16780.write.1.tlog
d:\ооп\лабораторні 5\laboratory_5.1_c\debug\laboratory_5.1_c.tlog\link.command.1.tlog
d:\ооп\лабораторні 5\laboratory_5.1_c\debug\laboratory_5.1_c.tlog\link.read.1.tlog
d:\ооп\лабораторні 5\laboratory_5.1_c\debug\laboratory_5.1_c.tlog\link.write.1.tlog
